<?xml version="1.0" encoding="UTF-8"?>
<testng-results ignored="0" total="1" passed="1" failed="0" skipped="0">
  <reporter-output>
  </reporter-output>
  <suite started-at="2025-03-18T14:59:12 IST" name="Suite" finished-at="2025-03-18T14:59:28 IST" duration-ms="15524">
    <groups>
    </groups>
    <test started-at="2025-03-18T14:59:12 IST" name="Test" finished-at="2025-03-18T14:59:28 IST" duration-ms="15524">
      <class name="features.ProfileUpdate">
        <test-method signature="updateProfile()[pri:0, instance:features.ProfileUpdate@2a7f1f10]" started-at="2025-03-18T14:59:12 IST" name="updateProfile" finished-at="2025-03-18T14:59:28 IST" duration-ms="15438" status="PASS">
          <reporter-output>
          </reporter-output>
        </test-method> <!-- updateProfile -->
      </class> <!-- features.ProfileUpdate -->
    </test> <!-- Test -->
  </suite> <!-- Suite -->
</testng-results>
